15:43:31] [INFO,start():62] Test
15:43:31] [INFO,start():62] Test
15:44:33] [INFO,start():62] Test
15:44:33] [INFO,start():62] Test
15:44:59] [INFO,start():62] Test
15:44:59] [INFO,start():62] Test
15:47:32] [INFO,start():61] Test
15:47:32] [INFO,start():61] Test
15:48:38] [INFO,start():62] Test
15:48:38] [INFO,start():62] Test
15:50:28] [INFO,start():62] Test
15:50:28] [INFO,start():62] Test
15:52:11] [INFO,start():62] Test
15:52:11] [INFO,start():62] Test
15:54:07] [INFO,start():63] Test
15:54:07] [INFO,start():63] Test
15:54:13] [INFO,start():63] Test
15:54:13] [INFO,start():63] Test
15:56:50] [INFO,start():63] Test
15:56:50] [INFO,start():63] Test
15:57:11] [INFO,start():63] Test
15:57:11] [INFO,start():63] Test
15:57:30] [INFO,start():63] Test
15:57:30] [INFO,start():63] Test
15:59:24] [INFO,start():63] Test
15:59:24] [INFO,start():63] Test
16:01:28] [INFO,start():63] Test
16:01:28] [INFO,start():63] Test
16:02:40] [INFO,start():63] Test
16:02:40] [INFO,start():63] Test
16:04:40] [INFO,start():63] Test
16:04:40] [INFO,start():63] Test
16:05:13] [INFO,start():63] Test
16:05:13] [INFO,start():63] Test
16:09:08] [INFO,start():65] Test
16:09:08] [INFO,start():65] Test
16:09:32] [INFO,start():65] Test
16:09:32] [INFO,start():65] Test
16:09:38] [INFO,start():64] Test
16:09:38] [INFO,start():64] Test
16:10:38] [INFO,start():62] Test
16:10:38] [INFO,start():62] Test
16:13:29] [INFO,start():65] Test
16:13:29] [INFO,start():65] Test
16:16:05] [INFO,start():63] Test
16:16:05] [INFO,start():63] Test
16:16:15] [INFO,start():63] Test
16:16:15] [INFO,start():63] Test
16:21:41] [INFO,start():63] Test
16:21:41] [INFO,start():63] Test
16:21:43] [INFO,start():63] Test
16:21:43] [INFO,start():63] Test
16:21:49] [INFO,start():63] Test
16:21:49] [INFO,start():63] Test
16:21:52] [INFO,start():63] Test
16:21:52] [INFO,start():63] Test
16:22:00] [INFO,start():63] Test
16:22:00] [INFO,start():63] Test
16:35:13] [ERROR,start():62] Test
16:35:13] [ERROR,start():62] Test
16:35:28] [ERROR,start():62] Test
16:35:28] [ERROR,start():62] Test
2021-07-12 08:39:25,249] [ERROR,start():69] Test
2021-07-12 08:39:25,250] [ERROR,start():69] Test
2021-07-12 08:39:42,859] [INFO,start():69] Test
2021-07-12 08:39:42,860] [INFO,start():69] Test
2021-07-12 08:43:47,429] [INFO,start():79] Test
2021-07-12 08:43:47,430] [INFO,start():79] Test
2021-07-12 08:46:42,807] [INFO,start():116] Test
2021-07-12 08:46:42,807] [INFO,start():116] Test
09:12:53] [INFO,start():66] info
09:12:53] [WARNING,start():67] warn
09:12:53] [CRITICAL,start():68] critical
09:12:53] [ERROR,start():69] error
09:12:53] [ERROR,start():70] TEST
09:12:53] [INFO,start():66] info
09:12:53] [WARNING,start():67] warn
09:12:53] [CRITICAL,start():68] critical
09:12:53] [ERROR,start():69] error
09:12:53] [ERROR,start():70] TEST
